INFO:  ANSI Code Page: 1252
INFO:  latexindent.exe version 3.24.7, 2025-08-15, a script to indent .tex files
       latexindent.exe lives here: C:/Users/Acer/bin/
       Mon Oct 20 07:21:36 2025
       Filename: test.tex
INFO:  Processing switches:
       -o|--outputfile: output to file
INFO:  Directory for backup files and log file indent.log:
       .
INFO:  YAML settings read: defaultSettings.yaml
       Reading defaultSettings.yaml from C:/Users/Acer/bin/defaultSettings.yaml
       Reading defaultSettings.yaml (2nd attempt) from C:/Users/Acer/bin/../../texmf-dist/scripts/latexindent/defaultSettings.yaml
       and then, if necessary, C:/Users/Acer/bin/LatexIndent/defaultSettings.yaml
INFO:  YAML reading settings
       Home directory is C:\Users\Acer
       latexindent.pl didn't find indentconfig.yaml or .indentconfig.yaml
       see all possible locations: https://latexindentpl.readthedocs.io/en/latest/sec-appendices.html#indentconfig-options)
INFO:  -o switch active: output file check
INFO:  Phase 1: searching for objects
INFO:  Phase 2: finding surrounding indentation
INFO:  Phase 3: indenting objects
INFO:  Phase 4: final indentation check
INFO:  Output routine:
       Outputting to file formatted.tex
       --------------
INFO:  Please direct all communication/issues to:
        https://github.com/cmhughes/latexindent.pl
